/var/spool/slurm/slurmd/job11715760/slurm_script: line 22: /home/ghoogerw/.bashrc: Permission denied

CommandNotFoundError: Your shell has not been properly configured to use 'conda activate'.
To initialize your shell, run

    $ conda init <SHELL_NAME>

Currently supported shells are:
  - bash
  - fish
  - tcsh
  - xonsh
  - zsh
  - powershell

See 'conda init --help' for more information and options.

IMPORTANT: You may need to close and restart your shell after running 'conda init'.


/var/spool/slurm/slurmd/job11715760/slurm_script: line 27: cd: /home/ghoogerw/kg2Narrative/: Permission denied
FINETUNIING_NOW_ON_Instances_KG
python3: can't open file 'KGNarrative2/script4trainingLLM/finetunemodel.py': [Errno 2] No such file or directory
DONE
FINETUNIING_NOW_ON_Types_KG
python3: can't open file 'KGNarrative2/script4trainingLLM/finetunemodel.py': [Errno 2] No such file or directory
DONE
FINETUNIING_NOW_ON_Subclasses_KG
python3: can't open file 'KGNarrative2/script4trainingLLM/finetunemodel.py': [Errno 2] No such file or directory
DONE
FINETUNIING_NOW_ON_Instances_list
python3: can't open file 'KGNarrative2/script4trainingLLM/finetunemodel.py': [Errno 2] No such file or directory
DONE
